0 verbose cli /home/azureuser/.local/share/fnm/node-versions/v24.17.0/installation/bin/node /run/user/1000/fnm_multishells/280061_1783410947076/bin/npm
1 info using npm@11.18.0
2 info using node@v24.17.0
3 silly config load:file:/home/azureuser/.local/share/fnm/node-versions/v24.17.0/installation/lib/node_modules/npm/npmrc
4 silly config load:file:/home/azureuser/.npmrc
5 silly config load:file:/home/azureuser/.local/share/fnm/node-versions/v24.17.0/installation/etc/npmrc
6 verbose title npm install loop-task@2.1.4
7 verbose argv "install" "--global" "loop-task@2.1.4" "--cache" "./temp/cache1"
8 verbose logfile logs-max:10 dir:/home/azureuser/projects/loop-task/temp/cache1/_logs/2026-07-07T14_29_40_872Z-
9 verbose logfile /home/azureuser/projects/loop-task/temp/cache1/_logs/2026-07-07T14_29_40_872Z-debug-0.log
10 silly packumentCache heap:2226388992 maxSize:556597248 maxEntrySize:278298624
11 silly logfile done cleaning log files
12 silly idealTree buildDeps
13 silly fetch manifest loop-task@2.1.4
14 silly packumentCache full:https://registry.npmjs.org/loop-task cache-miss
15 http fetch GET 200 https://registry.npmjs.org/loop-task 60ms (cache miss)
16 silly packumentCache full:https://registry.npmjs.org/loop-task set size:undefined disposed:false
17 silly placeDep ROOT loop-task@2.1.4 OK for:  want: 2.1.4
18 silly fetch manifest commander@^13.1.0
19 silly packumentCache full:https://registry.npmjs.org/commander cache-miss
20 http fetch GET 200 https://registry.npmjs.org/npm 125ms
21 http fetch GET 200 https://registry.npmjs.org/commander 59ms (cache miss)
22 silly packumentCache full:https://registry.npmjs.org/commander set size:undefined disposed:false
23 silly fetch manifest execa@^9.6.0
24 silly packumentCache full:https://registry.npmjs.org/execa cache-miss
25 http fetch GET 200 https://registry.npmjs.org/execa 29ms (cache miss)
26 silly packumentCache full:https://registry.npmjs.org/execa set size:undefined disposed:false
27 silly fetch manifest ink@^7.1.0
28 silly packumentCache full:https://registry.npmjs.org/ink cache-miss
29 http fetch GET 200 https://registry.npmjs.org/ink 38ms (cache miss)
30 silly packumentCache full:https://registry.npmjs.org/ink set size:undefined disposed:false
31 silly fetch manifest ink-combobox@^0.2.0
32 silly packumentCache full:https://registry.npmjs.org/ink-combobox cache-miss
33 http fetch GET 200 https://registry.npmjs.org/ink-combobox 171ms (cache miss)
34 silly packumentCache full:https://registry.npmjs.org/ink-combobox set size:undefined disposed:false
35 silly fetch manifest ink-scroll-list@^0.4.1
36 silly packumentCache full:https://registry.npmjs.org/ink-scroll-list cache-miss
37 http fetch GET 200 https://registry.npmjs.org/ink-scroll-list 165ms (cache miss)
38 silly packumentCache full:https://registry.npmjs.org/ink-scroll-list set size:undefined disposed:false
39 silly fetch manifest ink-select-input@^6.2.0
40 silly packumentCache full:https://registry.npmjs.org/ink-select-input cache-miss
41 http fetch GET 200 https://registry.npmjs.org/ink-select-input 165ms (cache miss)
42 silly packumentCache full:https://registry.npmjs.org/ink-select-input set size:undefined disposed:false
43 silly fetch manifest ink-spinner@^5.0.0
44 silly packumentCache full:https://registry.npmjs.org/ink-spinner cache-miss
45 http fetch GET 200 https://registry.npmjs.org/ink-spinner 24ms (cache miss)
46 silly packumentCache full:https://registry.npmjs.org/ink-spinner set size:undefined disposed:false
47 silly fetch manifest ink-text-input@^6.0.0
48 silly packumentCache full:https://registry.npmjs.org/ink-text-input cache-miss
49 http fetch GET 200 https://registry.npmjs.org/ink-text-input 25ms (cache miss)
50 silly packumentCache full:https://registry.npmjs.org/ink-text-input set size:undefined disposed:false
51 silly fetch manifest inversify-hooks@^4.0.0
52 silly packumentCache full:https://registry.npmjs.org/inversify-hooks cache-miss
53 http fetch GET 200 https://registry.npmjs.org/inversify-hooks 187ms (cache miss)
54 silly packumentCache full:https://registry.npmjs.org/inversify-hooks set size:undefined disposed:false
55 silly fetch manifest ms@^2.1.3
56 silly packumentCache full:https://registry.npmjs.org/ms cache-miss
57 http fetch GET 200 https://registry.npmjs.org/ms 21ms (cache miss)
58 silly packumentCache full:https://registry.npmjs.org/ms set size:undefined disposed:false
59 silly fetch manifest react@^19.2.7
60 silly packumentCache full:https://registry.npmjs.org/react cache-miss
61 http fetch GET 200 https://registry.npmjs.org/react 183ms (cache miss)
62 silly packumentCache full:https://registry.npmjs.org/react set size:undefined disposed:false
63 silly fetch manifest @types/react@>=19.2.0
64 silly packumentCache full:https://registry.npmjs.org/@types%2freact cache-miss
65 http fetch GET 200 https://registry.npmjs.org/@types%2freact 84ms (cache miss)
66 silly packumentCache full:https://registry.npmjs.org/@types%2freact set size:undefined disposed:false
67 silly fetch manifest react-devtools-core@>=6.1.2
68 silly packumentCache full:https://registry.npmjs.org/react-devtools-core cache-miss
69 http fetch GET 200 https://registry.npmjs.org/react-devtools-core 38ms (cache miss)
70 silly packumentCache full:https://registry.npmjs.org/react-devtools-core set size:undefined disposed:false
71 silly fetch manifest chalk@^5.0.0
72 silly packumentCache full:https://registry.npmjs.org/chalk cache-miss
73 http fetch GET 200 https://registry.npmjs.org/chalk 25ms (cache miss)
74 silly packumentCache full:https://registry.npmjs.org/chalk set size:undefined disposed:false
75 silly placeDep node_modules/loop-task commander@13.1.0 OK for: loop-task@2.1.4 want: ^13.1.0
76 silly placeDep node_modules/loop-task execa@9.6.1 OK for: loop-task@2.1.4 want: ^9.6.0
77 silly placeDep node_modules/loop-task ink@7.1.0 OK for: loop-task@2.1.4 want: ^7.1.0
78 silly placeDep node_modules/loop-task react@19.2.7 OK for: ink@7.1.0 want: >=19.2.0
79 silly placeDep node_modules/loop-task ink-combobox@0.2.1 OK for: loop-task@2.1.4 want: ^0.2.0
80 silly placeDep node_modules/loop-task chalk@5.6.2 OK for: ink-combobox@0.2.1 want: ^5.0.0
81 silly placeDep node_modules/loop-task ink-scroll-list@0.4.1 OK for: loop-task@2.1.4 want: ^0.4.1
82 silly placeDep node_modules/loop-task ink-select-input@6.2.0 OK for: loop-task@2.1.4 want: ^6.2.0
83 silly placeDep node_modules/loop-task ink-spinner@5.0.0 OK for: loop-task@2.1.4 want: ^5.0.0
84 silly placeDep node_modules/loop-task ink-text-input@6.0.0 OK for: loop-task@2.1.4 want: ^6.0.0
85 silly placeDep node_modules/loop-task inversify-hooks@4.0.0 OK for: loop-task@2.1.4 want: ^4.0.0
86 silly placeDep node_modules/loop-task ms@2.1.3 OK for: loop-task@2.1.4 want: ^2.1.3
87 silly fetch manifest @sindresorhus/merge-streams@^4.0.0
88 silly packumentCache full:https://registry.npmjs.org/@sindresorhus%2fmerge-streams cache-miss
89 http fetch GET 200 https://registry.npmjs.org/@sindresorhus%2fmerge-streams 29ms (cache miss)
90 silly packumentCache full:https://registry.npmjs.org/@sindresorhus%2fmerge-streams set size:undefined disposed:false
91 silly fetch manifest cross-spawn@^7.0.6
92 silly packumentCache full:https://registry.npmjs.org/cross-spawn cache-miss
93 http fetch GET 200 https://registry.npmjs.org/cross-spawn 27ms (cache miss)
94 silly packumentCache full:https://registry.npmjs.org/cross-spawn set size:undefined disposed:false
95 silly fetch manifest figures@^6.1.0
96 silly packumentCache full:https://registry.npmjs.org/figures cache-miss
97 http fetch GET 200 https://registry.npmjs.org/figures 27ms (cache miss)
98 silly packumentCache full:https://registry.npmjs.org/figures set size:undefined disposed:false
99 silly fetch manifest get-stream@^9.0.0
100 silly packumentCache full:https://registry.npmjs.org/get-stream cache-miss
101 http fetch GET 200 https://registry.npmjs.org/get-stream 21ms (cache miss)
102 silly packumentCache full:https://registry.npmjs.org/get-stream set size:undefined disposed:false
103 silly fetch manifest human-signals@^8.0.1
104 silly packumentCache full:https://registry.npmjs.org/human-signals cache-miss
105 http fetch GET 200 https://registry.npmjs.org/human-signals 23ms (cache miss)
106 silly packumentCache full:https://registry.npmjs.org/human-signals set size:undefined disposed:false
107 silly fetch manifest is-plain-obj@^4.1.0
108 silly packumentCache full:https://registry.npmjs.org/is-plain-obj cache-miss
109 http fetch GET 200 https://registry.npmjs.org/is-plain-obj 20ms (cache miss)
110 silly packumentCache full:https://registry.npmjs.org/is-plain-obj set size:undefined disposed:false
111 silly fetch manifest is-stream@^4.0.1
112 silly packumentCache full:https://registry.npmjs.org/is-stream cache-miss
113 http fetch GET 200 https://registry.npmjs.org/is-stream 18ms (cache miss)
114 silly packumentCache full:https://registry.npmjs.org/is-stream set size:undefined disposed:false
115 silly fetch manifest npm-run-path@^6.0.0
116 silly packumentCache full:https://registry.npmjs.org/npm-run-path cache-miss
117 http fetch GET 200 https://registry.npmjs.org/npm-run-path 21ms (cache miss)
118 silly packumentCache full:https://registry.npmjs.org/npm-run-path set size:undefined disposed:false
119 silly fetch manifest pretty-ms@^9.2.0
120 silly packumentCache full:https://registry.npmjs.org/pretty-ms cache-miss
121 http fetch GET 200 https://registry.npmjs.org/pretty-ms 21ms (cache miss)
122 silly packumentCache full:https://registry.npmjs.org/pretty-ms set size:undefined disposed:false
123 silly fetch manifest signal-exit@^4.1.0
124 silly packumentCache full:https://registry.npmjs.org/signal-exit cache-miss
125 http fetch GET 200 https://registry.npmjs.org/signal-exit 20ms (cache miss)
126 silly packumentCache full:https://registry.npmjs.org/signal-exit set size:undefined disposed:false
127 silly fetch manifest strip-final-newline@^4.0.0
128 silly packumentCache full:https://registry.npmjs.org/strip-final-newline cache-miss
129 http fetch GET 200 https://registry.npmjs.org/strip-final-newline 19ms (cache miss)
130 silly packumentCache full:https://registry.npmjs.org/strip-final-newline set size:undefined disposed:false
131 silly fetch manifest yoctocolors@^2.1.1
132 silly packumentCache full:https://registry.npmjs.org/yoctocolors cache-miss
133 http fetch GET 200 https://registry.npmjs.org/yoctocolors 26ms (cache miss)
134 silly packumentCache full:https://registry.npmjs.org/yoctocolors set size:undefined disposed:false
135 silly fetch manifest @alcalzone/ansi-tokenize@^0.3.0
136 silly packumentCache full:https://registry.npmjs.org/@alcalzone%2fansi-tokenize cache-miss
137 http fetch GET 200 https://registry.npmjs.org/@alcalzone%2fansi-tokenize 174ms (cache miss)
138 silly packumentCache full:https://registry.npmjs.org/@alcalzone%2fansi-tokenize set size:undefined disposed:false
139 silly fetch manifest ansi-escapes@^7.3.0
140 silly packumentCache full:https://registry.npmjs.org/ansi-escapes cache-miss
141 http fetch GET 200 https://registry.npmjs.org/ansi-escapes 22ms (cache miss)
142 silly packumentCache full:https://registry.npmjs.org/ansi-escapes set size:undefined disposed:false
143 silly fetch manifest ansi-styles@^6.2.3
144 silly packumentCache full:https://registry.npmjs.org/ansi-styles cache-miss
145 http fetch GET 200 https://registry.npmjs.org/ansi-styles 20ms (cache miss)
146 silly packumentCache full:https://registry.npmjs.org/ansi-styles set size:undefined disposed:false
147 silly fetch manifest auto-bind@^5.0.1
148 silly packumentCache full:https://registry.npmjs.org/auto-bind cache-miss
149 http fetch GET 200 https://registry.npmjs.org/auto-bind 22ms (cache miss)
150 silly packumentCache full:https://registry.npmjs.org/auto-bind set size:undefined disposed:false
151 silly fetch manifest chalk@^5.6.2
152 silly packumentCache full:https://registry.npmjs.org/chalk cache-miss
153 http cache https://registry.npmjs.org/chalk 8ms (cache hit)
154 silly packumentCache full:https://registry.npmjs.org/chalk set size:117861 disposed:false
155 silly fetch manifest cli-boxes@^4.0.1
156 silly packumentCache full:https://registry.npmjs.org/cli-boxes cache-miss
157 http fetch GET 200 https://registry.npmjs.org/cli-boxes 21ms (cache miss)
158 silly packumentCache full:https://registry.npmjs.org/cli-boxes set size:undefined disposed:false
159 silly fetch manifest cli-cursor@^4.0.0
160 silly packumentCache full:https://registry.npmjs.org/cli-cursor cache-miss
161 http fetch GET 200 https://registry.npmjs.org/cli-cursor 17ms (cache miss)
162 silly packumentCache full:https://registry.npmjs.org/cli-cursor set size:undefined disposed:false
163 silly fetch manifest cli-truncate@^6.0.0
164 silly packumentCache full:https://registry.npmjs.org/cli-truncate cache-miss
165 http fetch GET 200 https://registry.npmjs.org/cli-truncate 17ms (cache miss)
166 silly packumentCache full:https://registry.npmjs.org/cli-truncate set size:undefined disposed:false
167 silly fetch manifest code-excerpt@^4.0.0
168 silly packumentCache full:https://registry.npmjs.org/code-excerpt cache-miss
169 http fetch GET 200 https://registry.npmjs.org/code-excerpt 20ms (cache miss)
170 silly packumentCache full:https://registry.npmjs.org/code-excerpt set size:undefined disposed:false
171 silly fetch manifest es-toolkit@^1.45.1
172 silly packumentCache full:https://registry.npmjs.org/es-toolkit cache-miss
173 http fetch GET 200 https://registry.npmjs.org/es-toolkit 243ms (cache miss)
174 silly packumentCache full:https://registry.npmjs.org/es-toolkit set size:undefined disposed:false
175 silly fetch manifest indent-string@^5.0.0
176 silly packumentCache full:https://registry.npmjs.org/indent-string cache-miss
177 http fetch GET 200 https://registry.npmjs.org/indent-string 29ms (cache miss)
178 silly packumentCache full:https://registry.npmjs.org/indent-string set size:undefined disposed:false
179 silly fetch manifest is-in-ci@^2.0.0
180 silly packumentCache full:https://registry.npmjs.org/is-in-ci cache-miss
181 http fetch GET 200 https://registry.npmjs.org/is-in-ci 21ms (cache miss)
182 silly packumentCache full:https://registry.npmjs.org/is-in-ci set size:undefined disposed:false
183 silly fetch manifest patch-console@^2.0.0
184 silly packumentCache full:https://registry.npmjs.org/patch-console cache-miss
185 http fetch GET 200 https://registry.npmjs.org/patch-console 31ms (cache miss)
186 silly packumentCache full:https://registry.npmjs.org/patch-console set size:undefined disposed:false
187 silly fetch manifest react-reconciler@^0.33.0
188 silly packumentCache full:https://registry.npmjs.org/react-reconciler cache-miss
189 http fetch GET 200 https://registry.npmjs.org/react-reconciler 199ms (cache miss)
190 silly packumentCache full:https://registry.npmjs.org/react-reconciler set size:undefined disposed:false
191 silly fetch manifest scheduler@^0.27.0
192 silly packumentCache full:https://registry.npmjs.org/scheduler cache-miss
193 http fetch GET 200 https://registry.npmjs.org/scheduler 189ms (cache miss)
194 silly packumentCache full:https://registry.npmjs.org/scheduler set size:undefined disposed:false
195 silly fetch manifest signal-exit@^3.0.7
196 silly packumentCache full:https://registry.npmjs.org/signal-exit cache-miss
197 http cache https://registry.npmjs.org/signal-exit 28ms (cache hit)
198 silly packumentCache full:https://registry.npmjs.org/signal-exit set size:53489 disposed:false
199 silly fetch manifest slice-ansi@^9.0.0
200 silly packumentCache full:https://registry.npmjs.org/slice-ansi cache-miss
201 http fetch GET 200 https://registry.npmjs.org/slice-ansi 18ms (cache miss)
202 silly packumentCache full:https://registry.npmjs.org/slice-ansi set size:undefined disposed:false
203 silly fetch manifest stack-utils@^2.0.6
204 silly packumentCache full:https://registry.npmjs.org/stack-utils cache-miss
205 http fetch GET 200 https://registry.npmjs.org/stack-utils 20ms (cache miss)
206 silly packumentCache full:https://registry.npmjs.org/stack-utils set size:undefined disposed:false
207 silly fetch manifest string-width@^8.2.0
208 silly packumentCache full:https://registry.npmjs.org/string-width cache-miss
209 http fetch GET 200 https://registry.npmjs.org/string-width 18ms (cache miss)
210 silly packumentCache full:https://registry.npmjs.org/string-width set size:undefined disposed:false
211 silly fetch manifest terminal-size@^4.0.1
212 silly packumentCache full:https://registry.npmjs.org/terminal-size cache-miss
213 http fetch GET 200 https://registry.npmjs.org/terminal-size 19ms (cache miss)
214 silly packumentCache full:https://registry.npmjs.org/terminal-size set size:undefined disposed:false
215 silly fetch manifest type-fest@^5.5.0
216 silly packumentCache full:https://registry.npmjs.org/type-fest cache-miss
217 http fetch GET 200 https://registry.npmjs.org/type-fest 37ms (cache miss)
218 silly packumentCache full:https://registry.npmjs.org/type-fest set size:undefined disposed:false
219 silly fetch manifest widest-line@^6.0.0
220 silly packumentCache full:https://registry.npmjs.org/widest-line cache-miss
221 http fetch GET 200 https://registry.npmjs.org/widest-line 18ms (cache miss)
222 silly packumentCache full:https://registry.npmjs.org/widest-line set size:undefined disposed:false
223 silly fetch manifest wrap-ansi@^10.0.0
224 silly packumentCache full:https://registry.npmjs.org/wrap-ansi cache-miss
225 http fetch GET 200 https://registry.npmjs.org/wrap-ansi 20ms (cache miss)
226 silly packumentCache full:https://registry.npmjs.org/wrap-ansi set size:undefined disposed:false
227 silly fetch manifest ws@^8.20.0
228 silly packumentCache full:https://registry.npmjs.org/ws cache-miss
229 http fetch GET 200 https://registry.npmjs.org/ws 31ms (cache miss)
230 silly packumentCache full:https://registry.npmjs.org/ws set size:undefined disposed:false
231 silly fetch manifest yoga-layout@~3.2.1
232 silly packumentCache full:https://registry.npmjs.org/yoga-layout cache-miss
233 http fetch GET 200 https://registry.npmjs.org/yoga-layout 23ms (cache miss)
234 silly packumentCache full:https://registry.npmjs.org/yoga-layout set size:undefined disposed:false
235 silly fetch manifest ink-scroll-view@^0.3.5
236 silly packumentCache full:https://registry.npmjs.org/ink-scroll-view cache-miss
237 http fetch GET 200 https://registry.npmjs.org/ink-scroll-view 164ms (cache miss)
238 silly packumentCache full:https://registry.npmjs.org/ink-scroll-view set size:undefined disposed:false
239 silly fetch manifest to-rotated@^1.0.0
240 silly packumentCache full:https://registry.npmjs.org/to-rotated cache-miss
241 http fetch GET 200 https://registry.npmjs.org/to-rotated 184ms (cache miss)
242 silly packumentCache full:https://registry.npmjs.org/to-rotated set size:undefined disposed:false
243 silly fetch manifest cli-spinners@^2.7.0
244 silly packumentCache full:https://registry.npmjs.org/cli-spinners cache-miss
245 http fetch GET 200 https://registry.npmjs.org/cli-spinners 25ms (cache miss)
246 silly packumentCache full:https://registry.npmjs.org/cli-spinners set size:undefined disposed:false
247 silly fetch manifest type-fest@^4.18.2
248 silly packumentCache full:https://registry.npmjs.org/type-fest cache-miss
249 http cache https://registry.npmjs.org/type-fest 4ms (cache hit)
250 silly packumentCache full:https://registry.npmjs.org/type-fest set size:566201 disposed:false
251 silly fetch manifest inversify-props@^3.0.0
252 silly packumentCache full:https://registry.npmjs.org/inversify-props cache-miss
253 http fetch GET 200 https://registry.npmjs.org/inversify-props 167ms (cache miss)
254 silly packumentCache full:https://registry.npmjs.org/inversify-props set size:undefined disposed:false
255 silly placeDep node_modules/loop-task @sindresorhus/merge-streams@4.0.0 OK for: execa@9.6.1 want: ^4.0.0
256 silly placeDep node_modules/loop-task cross-spawn@7.0.6 OK for: execa@9.6.1 want: ^7.0.6
257 silly placeDep node_modules/loop-task figures@6.1.0 OK for: execa@9.6.1 want: ^6.1.0
258 silly placeDep node_modules/loop-task get-stream@9.0.1 OK for: execa@9.6.1 want: ^9.0.0
259 silly placeDep node_modules/loop-task human-signals@8.0.1 OK for: execa@9.6.1 want: ^8.0.1
260 silly placeDep node_modules/loop-task is-plain-obj@4.1.0 OK for: execa@9.6.1 want: ^4.1.0
261 silly placeDep node_modules/loop-task is-stream@4.0.1 OK for: execa@9.6.1 want: ^4.0.1
262 silly placeDep node_modules/loop-task npm-run-path@6.0.0 OK for: execa@9.6.1 want: ^6.0.0
263 silly placeDep node_modules/loop-task pretty-ms@9.3.0 OK for: execa@9.6.1 want: ^9.2.0
264 silly placeDep node_modules/loop-task signal-exit@4.1.0 OK for: execa@9.6.1 want: ^4.1.0
265 silly placeDep node_modules/loop-task strip-final-newline@4.0.0 OK for: execa@9.6.1 want: ^4.0.0
266 silly placeDep node_modules/loop-task yoctocolors@2.1.2 OK for: execa@9.6.1 want: ^2.1.1
267 silly fetch manifest which@^2.0.1
268 silly packumentCache full:https://registry.npmjs.org/which cache-miss
269 http fetch GET 200 https://registry.npmjs.org/which 20ms (cache miss)
270 silly packumentCache full:https://registry.npmjs.org/which set size:undefined disposed:false
271 silly fetch manifest path-key@^3.1.0
272 silly packumentCache full:https://registry.npmjs.org/path-key cache-miss
273 http fetch GET 200 https://registry.npmjs.org/path-key 18ms (cache miss)
274 silly packumentCache full:https://registry.npmjs.org/path-key set size:undefined disposed:false
275 silly fetch manifest shebang-command@^2.0.0
276 silly packumentCache full:https://registry.npmjs.org/shebang-command cache-miss
277 http fetch GET 200 https://registry.npmjs.org/shebang-command 19ms (cache miss)
278 silly packumentCache full:https://registry.npmjs.org/shebang-command set size:undefined disposed:false
279 silly fetch manifest is-unicode-supported@^2.0.0
280 silly packumentCache full:https://registry.npmjs.org/is-unicode-supported cache-miss
281 http fetch GET 200 https://registry.npmjs.org/is-unicode-supported 18ms (cache miss)
282 silly packumentCache full:https://registry.npmjs.org/is-unicode-supported set size:undefined disposed:false
283 silly fetch manifest @sec-ant/readable-stream@^0.4.1
284 silly packumentCache full:https://registry.npmjs.org/@sec-ant%2freadable-stream cache-miss
285 http fetch GET 200 https://registry.npmjs.org/@sec-ant%2freadable-stream 29ms (cache miss)
286 silly packumentCache full:https://registry.npmjs.org/@sec-ant%2freadable-stream set size:undefined disposed:false
287 silly fetch manifest path-key@^4.0.0
288 silly packumentCache full:https://registry.npmjs.org/path-key cache-miss
289 http cache https://registry.npmjs.org/path-key 3ms (cache hit)
290 silly packumentCache full:https://registry.npmjs.org/path-key set size:16975 disposed:false
291 silly fetch manifest unicorn-magic@^0.3.0
292 silly packumentCache full:https://registry.npmjs.org/unicorn-magic cache-miss
293 http fetch GET 200 https://registry.npmjs.org/unicorn-magic 16ms (cache miss)
294 silly packumentCache full:https://registry.npmjs.org/unicorn-magic set size:undefined disposed:false
295 silly fetch manifest parse-ms@^4.0.0
296 silly packumentCache full:https://registry.npmjs.org/parse-ms cache-miss
297 http fetch GET 200 https://registry.npmjs.org/parse-ms 22ms (cache miss)
298 silly packumentCache full:https://registry.npmjs.org/parse-ms set size:undefined disposed:false
299 silly placeDep node_modules/loop-task path-key@3.1.1 OK for: cross-spawn@7.0.6 want: ^3.1.0
300 silly placeDep node_modules/loop-task shebang-command@2.0.0 OK for: cross-spawn@7.0.6 want: ^2.0.0
301 silly placeDep node_modules/loop-task which@2.0.2 OK for: cross-spawn@7.0.6 want: ^2.0.1
302 silly fetch manifest shebang-regex@^3.0.0
303 silly packumentCache full:https://registry.npmjs.org/shebang-regex cache-miss
304 http fetch GET 200 https://registry.npmjs.org/shebang-regex 17ms (cache miss)
305 silly packumentCache full:https://registry.npmjs.org/shebang-regex set size:undefined disposed:false
306 silly fetch manifest isexe@^2.0.0
307 silly packumentCache full:https://registry.npmjs.org/isexe cache-miss
308 http fetch GET 200 https://registry.npmjs.org/isexe 18ms (cache miss)
309 silly packumentCache full:https://registry.npmjs.org/isexe set size:undefined disposed:false
310 silly placeDep node_modules/loop-task is-unicode-supported@2.1.0 OK for: figures@6.1.0 want: ^2.0.0
311 silly placeDep node_modules/loop-task @sec-ant/readable-stream@0.4.1 OK for: get-stream@9.0.1 want: ^0.4.1
312 silly fetch manifest react@>=19.2.0
313 silly packumentCache full:https://registry.npmjs.org/react cache-miss
314 http cache https://registry.npmjs.org/react 19ms (cache hit)
315 silly packumentCache full:https://registry.npmjs.org/react set size:6769719 disposed:false
316 silly fetch manifest bufferutil@^4.0.1
317 silly packumentCache full:https://registry.npmjs.org/bufferutil cache-miss
318 http fetch GET 200 https://registry.npmjs.org/bufferutil 34ms (cache miss)
319 silly packumentCache full:https://registry.npmjs.org/bufferutil set size:undefined disposed:false
320 silly fetch manifest utf-8-validate@>=5.0.2
321 silly packumentCache full:https://registry.npmjs.org/utf-8-validate cache-miss
322 http fetch GET 200 https://registry.npmjs.org/utf-8-validate 22ms (cache miss)
323 silly packumentCache full:https://registry.npmjs.org/utf-8-validate set size:undefined disposed:false
324 silly placeDep node_modules/loop-task @alcalzone/ansi-tokenize@0.3.0 OK for: ink@7.1.0 want: ^0.3.0
325 silly placeDep node_modules/loop-task ansi-escapes@7.3.0 OK for: ink@7.1.0 want: ^7.3.0
326 silly placeDep node_modules/loop-task ansi-styles@6.2.3 OK for: ink@7.1.0 want: ^6.2.3
327 silly placeDep node_modules/loop-task auto-bind@5.0.1 OK for: ink@7.1.0 want: ^5.0.1
328 silly placeDep node_modules/loop-task cli-boxes@4.0.1 OK for: ink@7.1.0 want: ^4.0.1
329 silly placeDep node_modules/loop-task cli-cursor@4.0.0 OK for: ink@7.1.0 want: ^4.0.0
330 silly placeDep node_modules/loop-task cli-truncate@6.1.0 OK for: ink@7.1.0 want: ^6.0.0
331 silly placeDep node_modules/loop-task code-excerpt@4.0.0 OK for: ink@7.1.0 want: ^4.0.0
332 silly placeDep node_modules/loop-task es-toolkit@1.49.0 OK for: ink@7.1.0 want: ^1.45.1
333 silly placeDep node_modules/loop-task indent-string@5.0.0 OK for: ink@7.1.0 want: ^5.0.0
334 silly placeDep node_modules/loop-task is-in-ci@2.0.0 OK for: ink@7.1.0 want: ^2.0.0
335 silly placeDep node_modules/loop-task patch-console@2.0.0 OK for: ink@7.1.0 want: ^2.0.0
336 silly placeDep node_modules/loop-task react-reconciler@0.33.0 OK for: ink@7.1.0 want: ^0.33.0
337 silly placeDep node_modules/loop-task scheduler@0.27.0 OK for: ink@7.1.0 want: ^0.27.0
338 silly placeDep node_modules/loop-task/node_modules/ink signal-exit@3.0.7 OK for: ink@7.1.0 want: ^3.0.7
339 silly placeDep node_modules/loop-task slice-ansi@9.0.0 OK for: ink@7.1.0 want: ^9.0.0
340 silly placeDep node_modules/loop-task stack-utils@2.0.6 OK for: ink@7.1.0 want: ^2.0.6
341 silly placeDep node_modules/loop-task string-width@8.2.1 OK for: ink@7.1.0 want: ^8.2.0
342 silly placeDep node_modules/loop-task terminal-size@4.0.1 OK for: ink@7.1.0 want: ^4.0.1
343 silly placeDep node_modules/loop-task type-fest@5.8.0 OK for: ink@7.1.0 want: ^5.5.0
344 silly placeDep node_modules/loop-task widest-line@6.0.0 OK for: ink@7.1.0 want: ^6.0.0
345 silly placeDep node_modules/loop-task wrap-ansi@10.0.0 OK for: ink@7.1.0 want: ^10.0.0
346 silly placeDep node_modules/loop-task ws@8.21.0 OK for: ink@7.1.0 want: ^8.20.0
347 silly placeDep node_modules/loop-task yoga-layout@3.2.1 OK for: ink@7.1.0 want: ~3.2.1
348 silly fetch manifest ansi-styles@^6.2.1
349 silly packumentCache full:https://registry.npmjs.org/ansi-styles cache-miss
350 http cache https://registry.npmjs.org/ansi-styles 3ms (cache hit)
351 silly packumentCache full:https://registry.npmjs.org/ansi-styles set size:63233 disposed:false
352 silly fetch manifest is-fullwidth-code-point@^5.0.0
353 silly packumentCache full:https://registry.npmjs.org/is-fullwidth-code-point cache-miss
354 http fetch GET 200 https://registry.npmjs.org/is-fullwidth-code-point 19ms (cache miss)
355 silly packumentCache full:https://registry.npmjs.org/is-fullwidth-code-point set size:undefined disposed:false
356 silly fetch manifest environment@^1.0.0
357 silly packumentCache full:https://registry.npmjs.org/environment cache-miss
358 http fetch GET 200 https://registry.npmjs.org/environment 19ms (cache miss)
359 silly packumentCache full:https://registry.npmjs.org/environment set size:undefined disposed:false
360 silly fetch manifest restore-cursor@^4.0.0
361 silly packumentCache full:https://registry.npmjs.org/restore-cursor cache-miss
362 http fetch GET 200 https://registry.npmjs.org/restore-cursor 18ms (cache miss)
363 silly packumentCache full:https://registry.npmjs.org/restore-cursor set size:undefined disposed:false
364 silly fetch manifest convert-to-spaces@^2.0.1
365 silly packumentCache full:https://registry.npmjs.org/convert-to-spaces cache-miss
366 http fetch GET 200 https://registry.npmjs.org/convert-to-spaces 18ms (cache miss)
367 silly packumentCache full:https://registry.npmjs.org/convert-to-spaces set size:undefined disposed:false
368 silly fetch manifest is-fullwidth-code-point@^5.1.0
369 silly packumentCache full:https://registry.npmjs.org/is-fullwidth-code-point cache-miss
370 http cache https://registry.npmjs.org/is-fullwidth-code-point 3ms (cache hit)
371 silly packumentCache full:https://registry.npmjs.org/is-fullwidth-code-point set size:14578 disposed:false
372 silly fetch manifest escape-string-regexp@^2.0.0
373 silly packumentCache full:https://registry.npmjs.org/escape-string-regexp cache-miss
374 http fetch GET 200 https://registry.npmjs.org/escape-string-regexp 19ms (cache miss)
375 silly packumentCache full:https://registry.npmjs.org/escape-string-regexp set size:undefined disposed:false
376 silly fetch manifest get-east-asian-width@^1.5.0
377 silly packumentCache full:https://registry.npmjs.org/get-east-asian-width cache-miss
378 http fetch GET 200 https://registry.npmjs.org/get-east-asian-width 18ms (cache miss)
379 silly packumentCache full:https://registry.npmjs.org/get-east-asian-width set size:undefined disposed:false
380 silly fetch manifest strip-ansi@^7.1.2
381 silly packumentCache full:https://registry.npmjs.org/strip-ansi cache-miss
382 http fetch GET 200 https://registry.npmjs.org/strip-ansi 18ms (cache miss)
383 silly packumentCache full:https://registry.npmjs.org/strip-ansi set size:undefined disposed:false
384 silly fetch manifest tagged-tag@^1.0.0
385 silly packumentCache full:https://registry.npmjs.org/tagged-tag cache-miss
386 http fetch GET 200 https://registry.npmjs.org/tagged-tag 18ms (cache miss)
387 silly packumentCache full:https://registry.npmjs.org/tagged-tag set size:undefined disposed:false
388 silly placeDep node_modules/loop-task is-fullwidth-code-point@5.1.0 OK for: @alcalzone/ansi-tokenize@0.3.0 want: ^5.0.0
389 silly fetch manifest get-east-asian-width@^1.3.1
390 silly packumentCache full:https://registry.npmjs.org/get-east-asian-width cache-miss
391 http cache https://registry.npmjs.org/get-east-asian-width 2ms (cache hit)
392 silly packumentCache full:https://registry.npmjs.org/get-east-asian-width set size:20538 disposed:false
393 silly placeDep node_modules/loop-task environment@1.1.0 OK for: ansi-escapes@7.3.0 want: ^1.0.0
394 silly placeDep node_modules/loop-task restore-cursor@4.0.0 OK for: cli-cursor@4.0.0 want: ^4.0.0
395 silly fetch manifest onetime@^5.1.0
396 silly packumentCache full:https://registry.npmjs.org/onetime cache-miss
397 http fetch GET 200 https://registry.npmjs.org/onetime 17ms (cache miss)
398 silly packumentCache full:https://registry.npmjs.org/onetime set size:undefined disposed:false
399 silly fetch manifest signal-exit@^3.0.2
400 silly packumentCache full:https://registry.npmjs.org/signal-exit cache-hit
401 silly placeDep node_modules/loop-task convert-to-spaces@2.0.1 OK for: code-excerpt@4.0.0 want: ^2.0.1
402 silly fetch manifest ink@>=6
403 silly packumentCache full:https://registry.npmjs.org/ink cache-miss
404 http cache https://registry.npmjs.org/ink 4ms (cache hit)
405 silly packumentCache full:https://registry.npmjs.org/ink set size:512047 disposed:false
406 silly fetch manifest react@>=19
407 silly packumentCache full:https://registry.npmjs.org/react cache-miss
408 http cache https://registry.npmjs.org/react 28ms (cache hit)
409 silly packumentCache full:https://registry.npmjs.org/react set size:6769719 disposed:false
410 silly placeDep node_modules/loop-task ink-scroll-view@0.3.7 OK for: ink-scroll-list@0.4.1 want: ^0.3.5
411 silly placeDep node_modules/loop-task to-rotated@1.0.0 OK for: ink-select-input@6.2.0 want: ^1.0.0
412 silly placeDep node_modules/loop-task cli-spinners@2.9.2 OK for: ink-spinner@5.0.0 want: ^2.7.0
413 silly placeDep node_modules/loop-task/node_modules/ink-text-input type-fest@4.41.0 OK for: ink-text-input@6.0.0 want: ^4.18.2
414 silly placeDep node_modules/loop-task inversify-props@3.0.0 OK for: inversify-hooks@4.0.0 want: ^3.0.0
415 silly fetch manifest inversify@^8.1.1
416 silly packumentCache full:https://registry.npmjs.org/inversify cache-miss
417 http fetch GET 200 https://registry.npmjs.org/inversify 31ms (cache miss)
418 silly packumentCache full:https://registry.npmjs.org/inversify set size:undefined disposed:false
419 silly placeDep node_modules/loop-task inversify@8.1.1 OK for: inversify-props@3.0.0 want: ^8.1.1
420 silly fetch manifest @inversifyjs/common@2.0.1
421 silly packumentCache full:https://registry.npmjs.org/@inversifyjs%2fcommon cache-miss
422 http fetch GET 200 https://registry.npmjs.org/@inversifyjs%2fcommon 27ms (cache miss)
423 silly packumentCache full:https://registry.npmjs.org/@inversifyjs%2fcommon set size:undefined disposed:false
424 silly fetch manifest @inversifyjs/container@2.0.2
425 silly packumentCache full:https://registry.npmjs.org/@inversifyjs%2fcontainer cache-miss
426 http fetch GET 200 https://registry.npmjs.org/@inversifyjs%2fcontainer 32ms (cache miss)
427 silly packumentCache full:https://registry.npmjs.org/@inversifyjs%2fcontainer set size:undefined disposed:false
428 silly fetch manifest @inversifyjs/core@11.0.0
429 silly packumentCache full:https://registry.npmjs.org/@inversifyjs%2fcore cache-miss
430 http fetch GET 200 https://registry.npmjs.org/@inversifyjs%2fcore 31ms (cache miss)
431 silly packumentCache full:https://registry.npmjs.org/@inversifyjs%2fcore set size:undefined disposed:false
432 silly fetch manifest reflect-metadata@~0.2.2
433 silly packumentCache full:https://registry.npmjs.org/reflect-metadata cache-miss
434 http fetch GET 200 https://registry.npmjs.org/reflect-metadata 21ms (cache miss)
435 silly packumentCache full:https://registry.npmjs.org/reflect-metadata set size:undefined disposed:false
436 silly placeDep node_modules/loop-task @inversifyjs/common@2.0.1 OK for: inversify@8.1.1 want: 2.0.1
437 silly placeDep node_modules/loop-task @inversifyjs/container@2.0.2 OK for: inversify@8.1.1 want: 2.0.2
438 silly placeDep node_modules/loop-task reflect-metadata@0.2.2 OK for: @inversifyjs/container@2.0.2 want: ~0.2.2
439 silly placeDep node_modules/loop-task @inversifyjs/core@11.0.0 OK for: inversify@8.1.1 want: 11.0.0
440 silly fetch manifest @inversifyjs/plugin@0.3.1
441 silly packumentCache full:https://registry.npmjs.org/@inversifyjs%2fplugin cache-miss
442 http fetch GET 200 https://registry.npmjs.org/@inversifyjs%2fplugin 34ms (cache miss)
443 silly packumentCache full:https://registry.npmjs.org/@inversifyjs%2fplugin set size:undefined disposed:false
444 silly fetch manifest @inversifyjs/reflect-metadata-utils@1.5.0
445 silly packumentCache full:https://registry.npmjs.org/@inversifyjs%2freflect-metadata-utils cache-miss
446 http fetch GET 200 https://registry.npmjs.org/@inversifyjs%2freflect-metadata-utils 32ms (cache miss)
447 silly packumentCache full:https://registry.npmjs.org/@inversifyjs%2freflect-metadata-utils set size:undefined disposed:false
448 silly fetch manifest @inversifyjs/prototype-utils@0.2.1
449 silly packumentCache full:https://registry.npmjs.org/@inversifyjs%2fprototype-utils cache-miss
450 http fetch GET 200 https://registry.npmjs.org/@inversifyjs%2fprototype-utils 313ms (cache miss)
451 silly packumentCache full:https://registry.npmjs.org/@inversifyjs%2fprototype-utils set size:undefined disposed:false
452 silly placeDep node_modules/loop-task @inversifyjs/plugin@0.3.1 OK for: @inversifyjs/container@2.0.2 want: 0.3.1
453 silly placeDep node_modules/loop-task @inversifyjs/reflect-metadata-utils@1.5.0 OK for: @inversifyjs/container@2.0.2 want: 1.5.0
454 silly placeDep node_modules/loop-task @inversifyjs/prototype-utils@0.2.1 OK for: @inversifyjs/core@11.0.0 want: 0.2.1
455 silly placeDep node_modules/loop-task get-east-asian-width@1.6.0 OK for: is-fullwidth-code-point@5.1.0 want: ^1.3.1
456 silly placeDep node_modules/loop-task/node_modules/npm-run-path path-key@4.0.0 OK for: npm-run-path@6.0.0 want: ^4.0.0
457 silly placeDep node_modules/loop-task unicorn-magic@0.3.0 OK for: npm-run-path@6.0.0 want: ^0.3.0
458 silly placeDep node_modules/loop-task parse-ms@4.0.0 OK for: pretty-ms@9.3.0 want: ^4.0.0
459 silly placeDep node_modules/loop-task onetime@5.1.2 OK for: restore-cursor@4.0.0 want: ^5.1.0
460 silly placeDep node_modules/loop-task/node_modules/restore-cursor signal-exit@3.0.7 OK for: restore-cursor@4.0.0 want: ^3.0.2
461 silly fetch manifest mimic-fn@^2.1.0
462 silly packumentCache full:https://registry.npmjs.org/mimic-fn cache-miss
463 http fetch GET 200 https://registry.npmjs.org/mimic-fn 18ms (cache miss)
464 silly packumentCache full:https://registry.npmjs.org/mimic-fn set size:undefined disposed:false
465 silly placeDep node_modules/loop-task mimic-fn@2.1.0 OK for: onetime@5.1.2 want: ^2.1.0
466 silly placeDep node_modules/loop-task shebang-regex@3.0.0 OK for: shebang-command@2.0.0 want: ^3.0.0
467 silly placeDep node_modules/loop-task escape-string-regexp@2.0.0 OK for: stack-utils@2.0.6 want: ^2.0.0
468 silly placeDep node_modules/loop-task strip-ansi@7.2.0 OK for: string-width@8.2.1 want: ^7.1.2
469 silly fetch manifest ansi-regex@^6.2.2
470 silly packumentCache full:https://registry.npmjs.org/ansi-regex cache-miss
471 http fetch GET 200 https://registry.npmjs.org/ansi-regex 18ms (cache miss)
472 silly packumentCache full:https://registry.npmjs.org/ansi-regex set size:undefined disposed:false
473 silly placeDep node_modules/loop-task ansi-regex@6.2.2 OK for: strip-ansi@7.2.0 want: ^6.2.2
474 silly placeDep node_modules/loop-task tagged-tag@1.0.0 OK for: type-fest@5.8.0 want: ^1.0.0
475 silly placeDep node_modules/loop-task isexe@2.0.0 OK for: which@2.0.2 want: ^2.0.0
476 silly reify mark retired [
476 silly reify   '/home/azureuser/.local/share/fnm/node-versions/v24.17.0/installation/lib/node_modules/loop-task',
476 silly reify   '/home/azureuser/.local/share/fnm/node-versions/v24.17.0/installation/bin/loop-task'
476 silly reify ]
477 silly reify moves {
477 silly reify   '/home/azureuser/.local/share/fnm/node-versions/v24.17.0/installation/lib/node_modules/loop-task': '/home/azureuser/.local/share/fnm/node-versions/v24.17.0/installation/lib/node_modules/.loop-task-BVOSsnFP',
477 silly reify   '/home/azureuser/.local/share/fnm/node-versions/v24.17.0/installation/bin/loop-task': '/home/azureuser/.local/share/fnm/node-versions/v24.17.0/installation/bin/.loop-task-iYRWYKcC'
477 silly reify }
478 http cache @sindresorhus/merge-streams@https://registry.npmjs.org/@sindresorhus/merge-streams/-/merge-streams-4.0.0.tgz 0ms (cache hit)
479 http cache @inversifyjs/reflect-metadata-utils@https://registry.npmjs.org/@inversifyjs/reflect-metadata-utils/-/reflect-metadata-utils-1.5.0.tgz 0ms (cache hit)
480 http cache @sec-ant/readable-stream@https://registry.npmjs.org/@sec-ant/readable-stream/-/readable-stream-0.4.1.tgz 0ms (cache hit)
481 http cache @inversifyjs/prototype-utils@https://registry.npmjs.org/@inversifyjs/prototype-utils/-/prototype-utils-0.2.1.tgz 0ms (cache hit)
482 http cache @inversifyjs/plugin@https://registry.npmjs.org/@inversifyjs/plugin/-/plugin-0.3.1.tgz 0ms (cache hit)
483 http cache @inversifyjs/core@https://registry.npmjs.org/@inversifyjs/core/-/core-11.0.0.tgz 0ms (cache hit)
484 http cache @inversifyjs/container@https://registry.npmjs.org/@inversifyjs/container/-/container-2.0.2.tgz 0ms (cache hit)
485 http cache @inversifyjs/common@https://registry.npmjs.org/@inversifyjs/common/-/common-2.0.1.tgz 0ms (cache hit)
486 http cache @alcalzone/ansi-tokenize@https://registry.npmjs.org/@alcalzone/ansi-tokenize/-/ansi-tokenize-0.3.0.tgz 0ms (cache hit)
487 http cache yoga-layout@https://registry.npmjs.org/yoga-layout/-/yoga-layout-3.2.1.tgz 0ms (cache hit)
488 http cache yoctocolors@https://registry.npmjs.org/yoctocolors/-/yoctocolors-2.1.2.tgz 0ms (cache hit)
489 http cache ws@https://registry.npmjs.org/ws/-/ws-8.21.0.tgz 0ms (cache hit)
490 http cache wrap-ansi@https://registry.npmjs.org/wrap-ansi/-/wrap-ansi-10.0.0.tgz 0ms (cache hit)
491 http cache widest-line@https://registry.npmjs.org/widest-line/-/widest-line-6.0.0.tgz 0ms (cache hit)
492 http cache which@https://registry.npmjs.org/which/-/which-2.0.2.tgz 0ms (cache hit)
493 http cache unicorn-magic@https://registry.npmjs.org/unicorn-magic/-/unicorn-magic-0.3.0.tgz 0ms (cache hit)
494 http cache type-fest@https://registry.npmjs.org/type-fest/-/type-fest-5.8.0.tgz 0ms (cache hit)
495 http cache to-rotated@https://registry.npmjs.org/to-rotated/-/to-rotated-1.0.0.tgz 0ms (cache hit)
496 http cache terminal-size@https://registry.npmjs.org/terminal-size/-/terminal-size-4.0.1.tgz 0ms (cache hit)
497 http cache tagged-tag@https://registry.npmjs.org/tagged-tag/-/tagged-tag-1.0.0.tgz 0ms (cache hit)
498 http cache strip-final-newline@https://registry.npmjs.org/strip-final-newline/-/strip-final-newline-4.0.0.tgz 0ms (cache hit)
499 http cache strip-ansi@https://registry.npmjs.org/strip-ansi/-/strip-ansi-7.2.0.tgz 0ms (cache hit)
500 http cache string-width@https://registry.npmjs.org/string-width/-/string-width-8.2.1.tgz 0ms (cache hit)
501 http cache stack-utils@https://registry.npmjs.org/stack-utils/-/stack-utils-2.0.6.tgz 0ms (cache hit)
502 http cache slice-ansi@https://registry.npmjs.org/slice-ansi/-/slice-ansi-9.0.0.tgz 0ms (cache hit)
503 http cache signal-exit@https://registry.npmjs.org/signal-exit/-/signal-exit-4.1.0.tgz 0ms (cache hit)
504 http cache shebang-regex@https://registry.npmjs.org/shebang-regex/-/shebang-regex-3.0.0.tgz 0ms (cache hit)
505 http cache shebang-command@https://registry.npmjs.org/shebang-command/-/shebang-command-2.0.0.tgz 0ms (cache hit)
506 http cache scheduler@https://registry.npmjs.org/scheduler/-/scheduler-0.27.0.tgz 0ms (cache hit)
507 http cache restore-cursor@https://registry.npmjs.org/restore-cursor/-/restore-cursor-4.0.0.tgz 0ms (cache hit)
508 http cache signal-exit@https://registry.npmjs.org/signal-exit/-/signal-exit-3.0.7.tgz 0ms (cache hit)
509 http cache reflect-metadata@https://registry.npmjs.org/reflect-metadata/-/reflect-metadata-0.2.2.tgz 0ms (cache hit)
510 http cache react-reconciler@https://registry.npmjs.org/react-reconciler/-/react-reconciler-0.33.0.tgz 0ms (cache hit)
511 http cache react@https://registry.npmjs.org/react/-/react-19.2.7.tgz 0ms (cache hit)
512 http cache pretty-ms@https://registry.npmjs.org/pretty-ms/-/pretty-ms-9.3.0.tgz 0ms (cache hit)
513 http cache path-key@https://registry.npmjs.org/path-key/-/path-key-3.1.1.tgz 0ms (cache hit)
514 http cache parse-ms@https://registry.npmjs.org/parse-ms/-/parse-ms-4.0.0.tgz 0ms (cache hit)
515 http cache patch-console@https://registry.npmjs.org/patch-console/-/patch-console-2.0.0.tgz 0ms (cache hit)
516 http cache onetime@https://registry.npmjs.org/onetime/-/onetime-5.1.2.tgz 0ms (cache hit)
517 http cache npm-run-path@https://registry.npmjs.org/npm-run-path/-/npm-run-path-6.0.0.tgz 0ms (cache hit)
518 http cache path-key@https://registry.npmjs.org/path-key/-/path-key-4.0.0.tgz 0ms (cache hit)
519 http cache ms@https://registry.npmjs.org/ms/-/ms-2.1.3.tgz 0ms (cache hit)
520 http cache mimic-fn@https://registry.npmjs.org/mimic-fn/-/mimic-fn-2.1.0.tgz 0ms (cache hit)
521 http cache isexe@https://registry.npmjs.org/isexe/-/isexe-2.0.0.tgz 0ms (cache hit)
522 http cache is-unicode-supported@https://registry.npmjs.org/is-unicode-supported/-/is-unicode-supported-2.1.0.tgz 0ms (cache hit)
523 http cache is-stream@https://registry.npmjs.org/is-stream/-/is-stream-4.0.1.tgz 0ms (cache hit)
524 http cache is-plain-obj@https://registry.npmjs.org/is-plain-obj/-/is-plain-obj-4.1.0.tgz 0ms (cache hit)
525 http cache is-in-ci@https://registry.npmjs.org/is-in-ci/-/is-in-ci-2.0.0.tgz 0ms (cache hit)
526 http cache is-fullwidth-code-point@https://registry.npmjs.org/is-fullwidth-code-point/-/is-fullwidth-code-point-5.1.0.tgz 0ms (cache hit)
527 http cache inversify-props@https://registry.npmjs.org/inversify-props/-/inversify-props-3.0.0.tgz 0ms (cache hit)
528 http cache inversify@https://registry.npmjs.org/inversify/-/inversify-8.1.1.tgz 0ms (cache hit)
529 http cache inversify-hooks@https://registry.npmjs.org/inversify-hooks/-/inversify-hooks-4.0.0.tgz 0ms (cache hit)
530 http cache ink-text-input@https://registry.npmjs.org/ink-text-input/-/ink-text-input-6.0.0.tgz 1ms (cache hit)
531 http cache type-fest@https://registry.npmjs.org/type-fest/-/type-fest-4.41.0.tgz 0ms (cache hit)
532 http cache ink-spinner@https://registry.npmjs.org/ink-spinner/-/ink-spinner-5.0.0.tgz 0ms (cache hit)
533 http cache ink-select-input@https://registry.npmjs.org/ink-select-input/-/ink-select-input-6.2.0.tgz 0ms (cache hit)
534 http cache ink-scroll-view@https://registry.npmjs.org/ink-scroll-view/-/ink-scroll-view-0.3.7.tgz 0ms (cache hit)
535 http cache ink-scroll-list@https://registry.npmjs.org/ink-scroll-list/-/ink-scroll-list-0.4.1.tgz 0ms (cache hit)
536 http cache ink@https://registry.npmjs.org/ink/-/ink-7.1.0.tgz 0ms (cache hit)
537 http cache signal-exit@https://registry.npmjs.org/signal-exit/-/signal-exit-3.0.7.tgz 0ms (cache hit)
538 http cache ink-combobox@https://registry.npmjs.org/ink-combobox/-/ink-combobox-0.2.1.tgz 0ms (cache hit)
539 http cache indent-string@https://registry.npmjs.org/indent-string/-/indent-string-5.0.0.tgz 0ms (cache hit)
540 http cache human-signals@https://registry.npmjs.org/human-signals/-/human-signals-8.0.1.tgz 0ms (cache hit)
541 http cache get-stream@https://registry.npmjs.org/get-stream/-/get-stream-9.0.1.tgz 0ms (cache hit)
542 http cache get-east-asian-width@https://registry.npmjs.org/get-east-asian-width/-/get-east-asian-width-1.6.0.tgz 0ms (cache hit)
543 http cache figures@https://registry.npmjs.org/figures/-/figures-6.1.0.tgz 0ms (cache hit)
544 http cache execa@https://registry.npmjs.org/execa/-/execa-9.6.1.tgz 0ms (cache hit)
545 http cache escape-string-regexp@https://registry.npmjs.org/escape-string-regexp/-/escape-string-regexp-2.0.0.tgz 0ms (cache hit)
546 http cache es-toolkit@https://registry.npmjs.org/es-toolkit/-/es-toolkit-1.49.0.tgz 0ms (cache hit)
547 http cache environment@https://registry.npmjs.org/environment/-/environment-1.1.0.tgz 0ms (cache hit)
548 http cache cross-spawn@https://registry.npmjs.org/cross-spawn/-/cross-spawn-7.0.6.tgz 0ms (cache hit)
549 http cache convert-to-spaces@https://registry.npmjs.org/convert-to-spaces/-/convert-to-spaces-2.0.1.tgz 0ms (cache hit)
550 http cache commander@https://registry.npmjs.org/commander/-/commander-13.1.0.tgz 0ms (cache hit)
551 http cache code-excerpt@https://registry.npmjs.org/code-excerpt/-/code-excerpt-4.0.0.tgz 0ms (cache hit)
552 http cache cli-truncate@https://registry.npmjs.org/cli-truncate/-/cli-truncate-6.1.0.tgz 0ms (cache hit)
553 http cache cli-spinners@https://registry.npmjs.org/cli-spinners/-/cli-spinners-2.9.2.tgz 0ms (cache hit)
554 http cache cli-cursor@https://registry.npmjs.org/cli-cursor/-/cli-cursor-4.0.0.tgz 0ms (cache hit)
555 http cache cli-boxes@https://registry.npmjs.org/cli-boxes/-/cli-boxes-4.0.1.tgz 0ms (cache hit)
556 http cache chalk@https://registry.npmjs.org/chalk/-/chalk-5.6.2.tgz 0ms (cache hit)
557 http cache auto-bind@https://registry.npmjs.org/auto-bind/-/auto-bind-5.0.1.tgz 0ms (cache hit)
558 http cache ansi-styles@https://registry.npmjs.org/ansi-styles/-/ansi-styles-6.2.3.tgz 0ms (cache hit)
559 http cache ansi-regex@https://registry.npmjs.org/ansi-regex/-/ansi-regex-6.2.2.tgz 0ms (cache hit)
560 http cache ansi-escapes@https://registry.npmjs.org/ansi-escapes/-/ansi-escapes-7.3.0.tgz 0ms (cache hit)
561 http cache loop-task@https://registry.npmjs.org/loop-task/-/loop-task-2.1.4.tgz 0ms (cache hit)
562 silly tarball no local data for @sindresorhus/merge-streams@https://registry.npmjs.org/@sindresorhus/merge-streams/-/merge-streams-4.0.0.tgz. Extracting by manifest.
563 silly tarball no local data for @inversifyjs/reflect-metadata-utils@https://registry.npmjs.org/@inversifyjs/reflect-metadata-utils/-/reflect-metadata-utils-1.5.0.tgz. Extracting by manifest.
564 silly tarball no local data for @sec-ant/readable-stream@https://registry.npmjs.org/@sec-ant/readable-stream/-/readable-stream-0.4.1.tgz. Extracting by manifest.
565 silly tarball no local data for @inversifyjs/prototype-utils@https://registry.npmjs.org/@inversifyjs/prototype-utils/-/prototype-utils-0.2.1.tgz. Extracting by manifest.
566 silly tarball no local data for @inversifyjs/plugin@https://registry.npmjs.org/@inversifyjs/plugin/-/plugin-0.3.1.tgz. Extracting by manifest.
567 silly tarball no local data for @inversifyjs/core@https://registry.npmjs.org/@inversifyjs/core/-/core-11.0.0.tgz. Extracting by manifest.
568 silly tarball no local data for @inversifyjs/container@https://registry.npmjs.org/@inversifyjs/container/-/container-2.0.2.tgz. Extracting by manifest.
569 silly tarball no local data for @inversifyjs/common@https://registry.npmjs.org/@inversifyjs/common/-/common-2.0.1.tgz. Extracting by manifest.
570 silly tarball no local data for @alcalzone/ansi-tokenize@https://registry.npmjs.org/@alcalzone/ansi-tokenize/-/ansi-tokenize-0.3.0.tgz. Extracting by manifest.
571 silly tarball no local data for yoga-layout@https://registry.npmjs.org/yoga-layout/-/yoga-layout-3.2.1.tgz. Extracting by manifest.
572 silly tarball no local data for yoctocolors@https://registry.npmjs.org/yoctocolors/-/yoctocolors-2.1.2.tgz. Extracting by manifest.
573 silly tarball no local data for ws@https://registry.npmjs.org/ws/-/ws-8.21.0.tgz. Extracting by manifest.
574 silly tarball no local data for wrap-ansi@https://registry.npmjs.org/wrap-ansi/-/wrap-ansi-10.0.0.tgz. Extracting by manifest.
575 silly tarball no local data for widest-line@https://registry.npmjs.org/widest-line/-/widest-line-6.0.0.tgz. Extracting by manifest.
576 silly tarball no local data for which@https://registry.npmjs.org/which/-/which-2.0.2.tgz. Extracting by manifest.
577 silly tarball no local data for unicorn-magic@https://registry.npmjs.org/unicorn-magic/-/unicorn-magic-0.3.0.tgz. Extracting by manifest.
578 silly tarball no local data for type-fest@https://registry.npmjs.org/type-fest/-/type-fest-5.8.0.tgz. Extracting by manifest.
579 silly tarball no local data for to-rotated@https://registry.npmjs.org/to-rotated/-/to-rotated-1.0.0.tgz. Extracting by manifest.
580 silly tarball no local data for terminal-size@https://registry.npmjs.org/terminal-size/-/terminal-size-4.0.1.tgz. Extracting by manifest.
581 silly tarball no local data for tagged-tag@https://registry.npmjs.org/tagged-tag/-/tagged-tag-1.0.0.tgz. Extracting by manifest.
582 silly tarball no local data for strip-final-newline@https://registry.npmjs.org/strip-final-newline/-/strip-final-newline-4.0.0.tgz. Extracting by manifest.
583 silly tarball no local data for strip-ansi@https://registry.npmjs.org/strip-ansi/-/strip-ansi-7.2.0.tgz. Extracting by manifest.
584 silly tarball no local data for string-width@https://registry.npmjs.org/string-width/-/string-width-8.2.1.tgz. Extracting by manifest.
585 silly tarball no local data for stack-utils@https://registry.npmjs.org/stack-utils/-/stack-utils-2.0.6.tgz. Extracting by manifest.
586 silly tarball no local data for slice-ansi@https://registry.npmjs.org/slice-ansi/-/slice-ansi-9.0.0.tgz. Extracting by manifest.
587 silly tarball no local data for signal-exit@https://registry.npmjs.org/signal-exit/-/signal-exit-4.1.0.tgz. Extracting by manifest.
588 silly tarball no local data for shebang-regex@https://registry.npmjs.org/shebang-regex/-/shebang-regex-3.0.0.tgz. Extracting by manifest.
589 silly tarball no local data for shebang-command@https://registry.npmjs.org/shebang-command/-/shebang-command-2.0.0.tgz. Extracting by manifest.
590 silly tarball no local data for scheduler@https://registry.npmjs.org/scheduler/-/scheduler-0.27.0.tgz. Extracting by manifest.
591 silly tarball no local data for restore-cursor@https://registry.npmjs.org/restore-cursor/-/restore-cursor-4.0.0.tgz. Extracting by manifest.
592 silly tarball no local data for signal-exit@https://registry.npmjs.org/signal-exit/-/signal-exit-3.0.7.tgz. Extracting by manifest.
593 silly tarball no local data for reflect-metadata@https://registry.npmjs.org/reflect-metadata/-/reflect-metadata-0.2.2.tgz. Extracting by manifest.
594 silly tarball no local data for react-reconciler@https://registry.npmjs.org/react-reconciler/-/react-reconciler-0.33.0.tgz. Extracting by manifest.
595 silly tarball no local data for react@https://registry.npmjs.org/react/-/react-19.2.7.tgz. Extracting by manifest.
596 silly tarball no local data for pretty-ms@https://registry.npmjs.org/pretty-ms/-/pretty-ms-9.3.0.tgz. Extracting by manifest.
597 silly tarball no local data for path-key@https://registry.npmjs.org/path-key/-/path-key-3.1.1.tgz. Extracting by manifest.
598 silly tarball no local data for parse-ms@https://registry.npmjs.org/parse-ms/-/parse-ms-4.0.0.tgz. Extracting by manifest.
599 silly tarball no local data for patch-console@https://registry.npmjs.org/patch-console/-/patch-console-2.0.0.tgz. Extracting by manifest.
600 silly tarball no local data for onetime@https://registry.npmjs.org/onetime/-/onetime-5.1.2.tgz. Extracting by manifest.
601 silly tarball no local data for npm-run-path@https://registry.npmjs.org/npm-run-path/-/npm-run-path-6.0.0.tgz. Extracting by manifest.
602 silly tarball no local data for path-key@https://registry.npmjs.org/path-key/-/path-key-4.0.0.tgz. Extracting by manifest.
603 silly tarball no local data for ms@https://registry.npmjs.org/ms/-/ms-2.1.3.tgz. Extracting by manifest.
604 silly tarball no local data for mimic-fn@https://registry.npmjs.org/mimic-fn/-/mimic-fn-2.1.0.tgz. Extracting by manifest.
605 silly tarball no local data for isexe@https://registry.npmjs.org/isexe/-/isexe-2.0.0.tgz. Extracting by manifest.
606 silly tarball no local data for is-unicode-supported@https://registry.npmjs.org/is-unicode-supported/-/is-unicode-supported-2.1.0.tgz. Extracting by manifest.
607 silly tarball no local data for is-stream@https://registry.npmjs.org/is-stream/-/is-stream-4.0.1.tgz. Extracting by manifest.
608 silly tarball no local data for is-plain-obj@https://registry.npmjs.org/is-plain-obj/-/is-plain-obj-4.1.0.tgz. Extracting by manifest.
609 silly tarball no local data for is-in-ci@https://registry.npmjs.org/is-in-ci/-/is-in-ci-2.0.0.tgz. Extracting by manifest.
610 silly tarball no local data for is-fullwidth-code-point@https://registry.npmjs.org/is-fullwidth-code-point/-/is-fullwidth-code-point-5.1.0.tgz. Extracting by manifest.
611 silly tarball no local data for inversify-props@https://registry.npmjs.org/inversify-props/-/inversify-props-3.0.0.tgz. Extracting by manifest.
612 silly tarball no local data for inversify@https://registry.npmjs.org/inversify/-/inversify-8.1.1.tgz. Extracting by manifest.
613 silly tarball no local data for inversify-hooks@https://registry.npmjs.org/inversify-hooks/-/inversify-hooks-4.0.0.tgz. Extracting by manifest.
614 silly tarball no local data for ink-text-input@https://registry.npmjs.org/ink-text-input/-/ink-text-input-6.0.0.tgz. Extracting by manifest.
615 silly tarball no local data for type-fest@https://registry.npmjs.org/type-fest/-/type-fest-4.41.0.tgz. Extracting by manifest.
616 silly tarball no local data for ink-spinner@https://registry.npmjs.org/ink-spinner/-/ink-spinner-5.0.0.tgz. Extracting by manifest.
617 silly tarball no local data for ink-select-input@https://registry.npmjs.org/ink-select-input/-/ink-select-input-6.2.0.tgz. Extracting by manifest.
618 silly tarball no local data for ink-scroll-view@https://registry.npmjs.org/ink-scroll-view/-/ink-scroll-view-0.3.7.tgz. Extracting by manifest.
619 silly tarball no local data for ink-scroll-list@https://registry.npmjs.org/ink-scroll-list/-/ink-scroll-list-0.4.1.tgz. Extracting by manifest.
620 silly tarball no local data for ink@https://registry.npmjs.org/ink/-/ink-7.1.0.tgz. Extracting by manifest.
621 silly tarball no local data for signal-exit@https://registry.npmjs.org/signal-exit/-/signal-exit-3.0.7.tgz. Extracting by manifest.
622 silly tarball no local data for ink-combobox@https://registry.npmjs.org/ink-combobox/-/ink-combobox-0.2.1.tgz. Extracting by manifest.
623 silly tarball no local data for indent-string@https://registry.npmjs.org/indent-string/-/indent-string-5.0.0.tgz. Extracting by manifest.
624 silly tarball no local data for human-signals@https://registry.npmjs.org/human-signals/-/human-signals-8.0.1.tgz. Extracting by manifest.
625 silly tarball no local data for get-stream@https://registry.npmjs.org/get-stream/-/get-stream-9.0.1.tgz. Extracting by manifest.
626 silly tarball no local data for get-east-asian-width@https://registry.npmjs.org/get-east-asian-width/-/get-east-asian-width-1.6.0.tgz. Extracting by manifest.
627 silly tarball no local data for figures@https://registry.npmjs.org/figures/-/figures-6.1.0.tgz. Extracting by manifest.
628 silly tarball no local data for execa@https://registry.npmjs.org/execa/-/execa-9.6.1.tgz. Extracting by manifest.
629 silly tarball no local data for escape-string-regexp@https://registry.npmjs.org/escape-string-regexp/-/escape-string-regexp-2.0.0.tgz. Extracting by manifest.
630 silly tarball no local data for es-toolkit@https://registry.npmjs.org/es-toolkit/-/es-toolkit-1.49.0.tgz. Extracting by manifest.
631 silly tarball no local data for environment@https://registry.npmjs.org/environment/-/environment-1.1.0.tgz. Extracting by manifest.
632 silly tarball no local data for cross-spawn@https://registry.npmjs.org/cross-spawn/-/cross-spawn-7.0.6.tgz. Extracting by manifest.
633 silly tarball no local data for convert-to-spaces@https://registry.npmjs.org/convert-to-spaces/-/convert-to-spaces-2.0.1.tgz. Extracting by manifest.
634 silly tarball no local data for commander@https://registry.npmjs.org/commander/-/commander-13.1.0.tgz. Extracting by manifest.
635 silly tarball no local data for code-excerpt@https://registry.npmjs.org/code-excerpt/-/code-excerpt-4.0.0.tgz. Extracting by manifest.
636 silly tarball no local data for cli-truncate@https://registry.npmjs.org/cli-truncate/-/cli-truncate-6.1.0.tgz. Extracting by manifest.
637 silly tarball no local data for cli-spinners@https://registry.npmjs.org/cli-spinners/-/cli-spinners-2.9.2.tgz. Extracting by manifest.
638 silly tarball no local data for cli-cursor@https://registry.npmjs.org/cli-cursor/-/cli-cursor-4.0.0.tgz. Extracting by manifest.
639 silly tarball no local data for cli-boxes@https://registry.npmjs.org/cli-boxes/-/cli-boxes-4.0.1.tgz. Extracting by manifest.
640 silly tarball no local data for chalk@https://registry.npmjs.org/chalk/-/chalk-5.6.2.tgz. Extracting by manifest.
641 silly tarball no local data for auto-bind@https://registry.npmjs.org/auto-bind/-/auto-bind-5.0.1.tgz. Extracting by manifest.
642 silly tarball no local data for ansi-styles@https://registry.npmjs.org/ansi-styles/-/ansi-styles-6.2.3.tgz. Extracting by manifest.
643 silly tarball no local data for ansi-regex@https://registry.npmjs.org/ansi-regex/-/ansi-regex-6.2.2.tgz. Extracting by manifest.
644 silly tarball no local data for ansi-escapes@https://registry.npmjs.org/ansi-escapes/-/ansi-escapes-7.3.0.tgz. Extracting by manifest.
645 silly tarball no local data for loop-task@https://registry.npmjs.org/loop-task/-/loop-task-2.1.4.tgz. Extracting by manifest.
646 http fetch GET 200 https://registry.npmjs.org/@sindresorhus/merge-streams/-/merge-streams-4.0.0.tgz 327ms (cache miss)
647 http fetch GET 200 https://registry.npmjs.org/unicorn-magic/-/unicorn-magic-0.3.0.tgz 375ms (cache miss)
648 http fetch GET 200 https://registry.npmjs.org/yoctocolors/-/yoctocolors-2.1.2.tgz 444ms (cache miss)
649 http fetch GET 200 https://registry.npmjs.org/to-rotated/-/to-rotated-1.0.0.tgz 465ms (cache miss)
650 http fetch GET 200 https://registry.npmjs.org/strip-ansi/-/strip-ansi-7.2.0.tgz 466ms (cache miss)
651 http fetch GET 200 https://registry.npmjs.org/terminal-size/-/terminal-size-4.0.1.tgz 467ms (cache miss)
652 http fetch GET 200 https://registry.npmjs.org/strip-final-newline/-/strip-final-newline-4.0.0.tgz 466ms (cache miss)
653 http fetch GET 200 https://registry.npmjs.org/which/-/which-2.0.2.tgz 481ms (cache miss)
654 http fetch GET 200 https://registry.npmjs.org/widest-line/-/widest-line-6.0.0.tgz 481ms (cache miss)
655 http fetch GET 200 https://registry.npmjs.org/tagged-tag/-/tagged-tag-1.0.0.tgz 479ms (cache miss)
656 http fetch GET 200 https://registry.npmjs.org/shebang-regex/-/shebang-regex-3.0.0.tgz 475ms (cache miss)
657 http fetch GET 200 https://registry.npmjs.org/shebang-command/-/shebang-command-2.0.0.tgz 484ms (cache miss)
658 http fetch GET 200 https://registry.npmjs.org/wrap-ansi/-/wrap-ansi-10.0.0.tgz 499ms (cache miss)
659 http fetch GET 200 https://registry.npmjs.org/restore-cursor/-/restore-cursor-4.0.0.tgz 490ms (cache miss)
660 http fetch GET 200 https://registry.npmjs.org/string-width/-/string-width-8.2.1.tgz 502ms (cache miss)
661 http fetch GET 200 https://registry.npmjs.org/slice-ansi/-/slice-ansi-9.0.0.tgz 502ms (cache miss)
662 http fetch GET 200 https://registry.npmjs.org/path-key/-/path-key-4.0.0.tgz 499ms (cache miss)
663 http fetch GET 200 https://registry.npmjs.org/signal-exit/-/signal-exit-3.0.7.tgz 510ms (cache miss)
664 http fetch GET 200 https://registry.npmjs.org/npm-run-path/-/npm-run-path-6.0.0.tgz 505ms (cache miss)
665 http fetch GET 200 https://registry.npmjs.org/stack-utils/-/stack-utils-2.0.6.tgz 521ms (cache miss)
666 http fetch GET 200 https://registry.npmjs.org/@inversifyjs/reflect-metadata-utils/-/reflect-metadata-utils-1.5.0.tgz 534ms (cache miss)
667 http fetch GET 200 https://registry.npmjs.org/path-key/-/path-key-3.1.1.tgz 520ms (cache miss)
668 http fetch GET 200 https://registry.npmjs.org/is-plain-obj/-/is-plain-obj-4.1.0.tgz 514ms (cache miss)
669 http fetch GET 200 https://registry.npmjs.org/is-fullwidth-code-point/-/is-fullwidth-code-point-5.1.0.tgz 513ms (cache miss)
670 http fetch GET 200 https://registry.npmjs.org/patch-console/-/patch-console-2.0.0.tgz 524ms (cache miss)
671 http fetch GET 200 https://registry.npmjs.org/onetime/-/onetime-5.1.2.tgz 524ms (cache miss)
672 http fetch GET 200 https://registry.npmjs.org/is-unicode-supported/-/is-unicode-supported-2.1.0.tgz 521ms (cache miss)
673 http fetch GET 200 https://registry.npmjs.org/signal-exit/-/signal-exit-3.0.7.tgz 516ms (cache miss)
674 http fetch GET 200 https://registry.npmjs.org/pretty-ms/-/pretty-ms-9.3.0.tgz 532ms (cache miss)
675 http fetch GET 200 https://registry.npmjs.org/mimic-fn/-/mimic-fn-2.1.0.tgz 528ms (cache miss)
676 http fetch GET 200 https://registry.npmjs.org/isexe/-/isexe-2.0.0.tgz 528ms (cache miss)
677 http fetch GET 200 https://registry.npmjs.org/ms/-/ms-2.1.3.tgz 534ms (cache miss)
678 http fetch GET 200 https://registry.npmjs.org/is-in-ci/-/is-in-ci-2.0.0.tgz 531ms (cache miss)
679 http fetch GET 200 https://registry.npmjs.org/parse-ms/-/parse-ms-4.0.0.tgz 538ms (cache miss)
680 http fetch GET 200 https://registry.npmjs.org/convert-to-spaces/-/convert-to-spaces-2.0.1.tgz 520ms (cache miss)
681 http fetch GET 200 https://registry.npmjs.org/is-stream/-/is-stream-4.0.1.tgz 538ms (cache miss)
682 http fetch GET 200 https://registry.npmjs.org/get-east-asian-width/-/get-east-asian-width-1.6.0.tgz 529ms (cache miss)
683 http fetch GET 200 https://registry.npmjs.org/auto-bind/-/auto-bind-5.0.1.tgz 522ms (cache miss)
684 http fetch GET 200 https://registry.npmjs.org/indent-string/-/indent-string-5.0.0.tgz 534ms (cache miss)
685 http fetch GET 200 https://registry.npmjs.org/escape-string-regexp/-/escape-string-regexp-2.0.0.tgz 532ms (cache miss)
686 http fetch GET 200 https://registry.npmjs.org/ink-spinner/-/ink-spinner-5.0.0.tgz 542ms (cache miss)
687 http fetch GET 200 https://registry.npmjs.org/environment/-/environment-1.1.0.tgz 535ms (cache miss)
688 http fetch GET 200 https://registry.npmjs.org/code-excerpt/-/code-excerpt-4.0.0.tgz 533ms (cache miss)
689 http fetch GET 200 https://registry.npmjs.org/cli-spinners/-/cli-spinners-2.9.2.tgz 533ms (cache miss)
690 http fetch GET 200 https://registry.npmjs.org/cli-truncate/-/cli-truncate-6.1.0.tgz 534ms (cache miss)
691 http fetch GET 200 https://registry.npmjs.org/ansi-regex/-/ansi-regex-6.2.2.tgz 531ms (cache miss)
692 http fetch GET 200 https://registry.npmjs.org/chalk/-/chalk-5.6.2.tgz 533ms (cache miss)
693 http fetch GET 200 https://registry.npmjs.org/cli-cursor/-/cli-cursor-4.0.0.tgz 538ms (cache miss)
694 http fetch GET 200 https://registry.npmjs.org/cli-boxes/-/cli-boxes-4.0.1.tgz 543ms (cache miss)
695 http fetch GET 200 https://registry.npmjs.org/figures/-/figures-6.1.0.tgz 553ms (cache miss)
696 http fetch GET 200 https://registry.npmjs.org/ansi-styles/-/ansi-styles-6.2.3.tgz 545ms (cache miss)
697 http fetch GET 200 https://registry.npmjs.org/ink-text-input/-/ink-text-input-6.0.0.tgz 566ms (cache miss)
698 http fetch GET 200 https://registry.npmjs.org/ansi-escapes/-/ansi-escapes-7.3.0.tgz 551ms (cache miss)
699 http fetch GET 200 https://registry.npmjs.org/cross-spawn/-/cross-spawn-7.0.6.tgz 561ms (cache miss)
700 http fetch GET 200 https://registry.npmjs.org/inversify-props/-/inversify-props-3.0.0.tgz 589ms (cache miss)
701 http fetch GET 200 https://registry.npmjs.org/inversify-hooks/-/inversify-hooks-4.0.0.tgz 605ms (cache miss)
702 http fetch GET 200 https://registry.npmjs.org/scheduler/-/scheduler-0.27.0.tgz 625ms (cache miss)
703 http fetch GET 200 https://registry.npmjs.org/reflect-metadata/-/reflect-metadata-0.2.2.tgz 625ms (cache miss)
704 http fetch GET 200 https://registry.npmjs.org/ink-combobox/-/ink-combobox-0.2.1.tgz 618ms (cache miss)
705 http fetch GET 200 https://registry.npmjs.org/get-stream/-/get-stream-9.0.1.tgz 616ms (cache miss)
706 http fetch GET 200 https://registry.npmjs.org/ink-scroll-list/-/ink-scroll-list-0.4.1.tgz 621ms (cache miss)
707 http fetch GET 200 https://registry.npmjs.org/ink-select-input/-/ink-select-input-6.2.0.tgz 623ms (cache miss)
708 http fetch GET 200 https://registry.npmjs.org/human-signals/-/human-signals-8.0.1.tgz 623ms (cache miss)
709 http fetch GET 200 https://registry.npmjs.org/commander/-/commander-13.1.0.tgz 623ms (cache miss)
710 http fetch GET 200 https://registry.npmjs.org/ws/-/ws-8.21.0.tgz 700ms (cache miss)
711 http fetch GET 200 https://registry.npmjs.org/react/-/react-19.2.7.tgz 704ms (cache miss)
712 http fetch GET 200 https://registry.npmjs.org/@alcalzone/ansi-tokenize/-/ansi-tokenize-0.3.0.tgz 720ms (cache miss)
713 http fetch GET 200 https://registry.npmjs.org/@sec-ant/readable-stream/-/readable-stream-0.4.1.tgz 732ms (cache miss)
714 http fetch GET 200 https://registry.npmjs.org/@inversifyjs/prototype-utils/-/prototype-utils-0.2.1.tgz 733ms (cache miss)
715 http fetch GET 200 https://registry.npmjs.org/@inversifyjs/plugin/-/plugin-0.3.1.tgz 738ms (cache miss)
716 http fetch GET 200 https://registry.npmjs.org/ink-scroll-view/-/ink-scroll-view-0.3.7.tgz 717ms (cache miss)
717 http fetch GET 200 https://registry.npmjs.org/signal-exit/-/signal-exit-4.1.0.tgz 753ms (cache miss)
718 http fetch GET 200 https://registry.npmjs.org/yoga-layout/-/yoga-layout-3.2.1.tgz 772ms (cache miss)
719 http fetch GET 200 https://registry.npmjs.org/react-reconciler/-/react-reconciler-0.33.0.tgz 761ms (cache miss)
720 http fetch GET 200 https://registry.npmjs.org/inversify/-/inversify-8.1.1.tgz 779ms (cache miss)
721 http fetch GET 200 https://registry.npmjs.org/@inversifyjs/common/-/common-2.0.1.tgz 810ms (cache miss)
722 http fetch GET 200 https://registry.npmjs.org/type-fest/-/type-fest-4.41.0.tgz 989ms (cache miss)
723 http fetch GET 200 https://registry.npmjs.org/loop-task/-/loop-task-2.1.4.tgz 992ms (cache miss)
724 http fetch GET 200 https://registry.npmjs.org/type-fest/-/type-fest-5.8.0.tgz 1060ms (cache miss)
725 http fetch GET 200 https://registry.npmjs.org/execa/-/execa-9.6.1.tgz 1037ms (cache miss)
726 http fetch GET 200 https://registry.npmjs.org/ink/-/ink-7.1.0.tgz 1061ms (cache miss)
727 http fetch GET 200 https://registry.npmjs.org/@inversifyjs/container/-/container-2.0.2.tgz 1198ms (cache miss)
728 http fetch GET 200 https://registry.npmjs.org/@inversifyjs/core/-/core-11.0.0.tgz 1720ms (cache miss)
729 http fetch GET 200 https://registry.npmjs.org/es-toolkit/-/es-toolkit-1.49.0.tgz 2455ms (cache miss)
730 silly CHANGE node_modules/loop-task
731 silly CHANGE node_modules/loop-task/node_modules/@sindresorhus/merge-streams
732 silly CHANGE node_modules/loop-task/node_modules/@sec-ant/readable-stream
733 silly CHANGE node_modules/loop-task/node_modules/@inversifyjs/reflect-metadata-utils
734 silly CHANGE node_modules/loop-task/node_modules/@inversifyjs/prototype-utils
735 silly CHANGE node_modules/loop-task/node_modules/@inversifyjs/plugin
736 silly CHANGE node_modules/loop-task/node_modules/@inversifyjs/core
737 silly CHANGE node_modules/loop-task/node_modules/@inversifyjs/container
738 silly CHANGE node_modules/loop-task/node_modules/@inversifyjs/common
739 silly CHANGE node_modules/loop-task/node_modules/@alcalzone/ansi-tokenize
740 silly CHANGE node_modules/loop-task/node_modules/yoga-layout
741 silly CHANGE node_modules/loop-task/node_modules/yoctocolors
742 silly CHANGE node_modules/loop-task/node_modules/ws
743 silly CHANGE node_modules/loop-task/node_modules/wrap-ansi
744 silly CHANGE node_modules/loop-task/node_modules/widest-line
745 silly CHANGE node_modules/loop-task/node_modules/which
746 silly CHANGE node_modules/loop-task/node_modules/unicorn-magic
747 silly CHANGE node_modules/loop-task/node_modules/type-fest
748 silly CHANGE node_modules/loop-task/node_modules/to-rotated
749 silly CHANGE node_modules/loop-task/node_modules/terminal-size
750 silly CHANGE node_modules/loop-task/node_modules/tagged-tag
751 silly CHANGE node_modules/loop-task/node_modules/strip-final-newline
752 silly CHANGE node_modules/loop-task/node_modules/strip-ansi
753 silly CHANGE node_modules/loop-task/node_modules/string-width
754 silly CHANGE node_modules/loop-task/node_modules/stack-utils
755 silly CHANGE node_modules/loop-task/node_modules/slice-ansi
756 silly CHANGE node_modules/loop-task/node_modules/signal-exit
757 silly CHANGE node_modules/loop-task/node_modules/shebang-regex
758 silly CHANGE node_modules/loop-task/node_modules/shebang-command
759 silly CHANGE node_modules/loop-task/node_modules/scheduler
760 silly CHANGE node_modules/loop-task/node_modules/restore-cursor
761 silly CHANGE node_modules/loop-task/node_modules/restore-cursor/node_modules/signal-exit
762 silly CHANGE node_modules/loop-task/node_modules/reflect-metadata
763 silly CHANGE node_modules/loop-task/node_modules/react-reconciler
764 silly CHANGE node_modules/loop-task/node_modules/react
765 silly CHANGE node_modules/loop-task/node_modules/pretty-ms
766 silly CHANGE node_modules/loop-task/node_modules/path-key
767 silly CHANGE node_modules/loop-task/node_modules/parse-ms
768 silly CHANGE node_modules/loop-task/node_modules/patch-console
769 silly CHANGE node_modules/loop-task/node_modules/onetime
770 silly CHANGE node_modules/loop-task/node_modules/npm-run-path
771 silly CHANGE node_modules/loop-task/node_modules/npm-run-path/node_modules/path-key
772 silly CHANGE node_modules/loop-task/node_modules/ms
773 silly CHANGE node_modules/loop-task/node_modules/mimic-fn
774 silly CHANGE node_modules/loop-task/node_modules/isexe
775 silly CHANGE node_modules/loop-task/node_modules/is-unicode-supported
776 silly CHANGE node_modules/loop-task/node_modules/is-stream
777 silly CHANGE node_modules/loop-task/node_modules/is-plain-obj
778 silly CHANGE node_modules/loop-task/node_modules/is-in-ci
779 silly CHANGE node_modules/loop-task/node_modules/is-fullwidth-code-point
780 silly CHANGE node_modules/loop-task/node_modules/inversify-props
781 silly CHANGE node_modules/loop-task/node_modules/inversify
782 silly CHANGE node_modules/loop-task/node_modules/inversify-hooks
783 silly CHANGE node_modules/loop-task/node_modules/ink-text-input
784 silly CHANGE node_modules/loop-task/node_modules/ink-text-input/node_modules/type-fest
785 silly CHANGE node_modules/loop-task/node_modules/ink-spinner
786 silly CHANGE node_modules/loop-task/node_modules/ink-select-input
787 silly CHANGE node_modules/loop-task/node_modules/ink-scroll-view
788 silly CHANGE node_modules/loop-task/node_modules/ink-scroll-list
789 silly CHANGE node_modules/loop-task/node_modules/ink
790 silly CHANGE node_modules/loop-task/node_modules/ink/node_modules/signal-exit
791 silly CHANGE node_modules/loop-task/node_modules/ink-combobox
792 silly CHANGE node_modules/loop-task/node_modules/indent-string
793 silly CHANGE node_modules/loop-task/node_modules/human-signals
794 silly CHANGE node_modules/loop-task/node_modules/get-stream
795 silly CHANGE node_modules/loop-task/node_modules/get-east-asian-width
796 silly CHANGE node_modules/loop-task/node_modules/figures
797 silly CHANGE node_modules/loop-task/node_modules/execa
798 silly CHANGE node_modules/loop-task/node_modules/escape-string-regexp
799 silly CHANGE node_modules/loop-task/node_modules/es-toolkit
800 silly CHANGE node_modules/loop-task/node_modules/environment
801 silly CHANGE node_modules/loop-task/node_modules/cross-spawn
802 silly CHANGE node_modules/loop-task/node_modules/convert-to-spaces
803 silly CHANGE node_modules/loop-task/node_modules/commander
804 silly CHANGE node_modules/loop-task/node_modules/code-excerpt
805 silly CHANGE node_modules/loop-task/node_modules/cli-truncate
806 silly CHANGE node_modules/loop-task/node_modules/cli-spinners
807 silly CHANGE node_modules/loop-task/node_modules/cli-cursor
808 silly CHANGE node_modules/loop-task/node_modules/cli-boxes
809 silly CHANGE node_modules/loop-task/node_modules/chalk
810 silly CHANGE node_modules/loop-task/node_modules/auto-bind
811 silly CHANGE node_modules/loop-task/node_modules/ansi-styles
812 silly CHANGE node_modules/loop-task/node_modules/ansi-regex
813 silly CHANGE node_modules/loop-task/node_modules/ansi-escapes
814 verbose cwd /home/azureuser/projects/loop-task
815 verbose os Linux 6.17.0-1018-azure
816 verbose node v24.17.0
817 verbose npm  v11.18.0
818 verbose exit 0
819 info ok
